  Praktika.cpp
C:\Users\Savel\source\repos\Praktika\Praktika\Praktika.cpp(61,91): warning C4305: инициализация: усечение из "double" в "float"
C:\Users\Savel\source\repos\Praktika\Praktika\Praktika.cpp(62,90): warning C4305: инициализация: усечение из "double" в "float"
C:\Users\Savel\source\repos\Praktika\Praktika\Praktika.cpp(63,95): warning C4305: инициализация: усечение из "double" в "float"
C:\Users\Savel\source\repos\Praktika\Praktika\Praktika.cpp(64,102): warning C4305: инициализация: усечение из "double" в "float"
C:\Users\Savel\source\repos\Praktika\Praktika\Praktika.cpp(65,95): warning C4305: инициализация: усечение из "double" в "float"
C:\Users\Savel\source\repos\Praktika\Praktika\Praktika.cpp(66,110): warning C4305: инициализация: усечение из "double" в "float"
C:\Users\Savel\source\repos\Praktika\Praktika\Praktika.cpp(67,93): warning C4305: инициализация: усечение из "double" в "float"
C:\Users\Savel\source\repos\Praktika\Praktika\Praktika.cpp(68,100): warning C4305: инициализация: усечение из "double" в "float"
C:\Users\Savel\source\repos\Praktika\Praktika\Praktika.cpp(69,86): warning C4305: инициализация: усечение из "double" в "float"
C:\Users\Savel\source\repos\Praktika\Praktika\Praktika.cpp(70,97): warning C4305: инициализация: усечение из "double" в "float"
C:\Users\Savel\source\repos\Praktika\Praktika\Praktika.cpp(108,23): warning C4018: <=: несоответствие типов со знаком и без знака
C:\Users\Savel\source\repos\Praktika\Praktika\Praktika.cpp(144,27): warning C4018: <: несоответствие типов со знаком и без знака
C:\Users\Savel\source\repos\Praktika\Praktika\Praktika.cpp(157,27): warning C4018: <: несоответствие типов со знаком и без знака
C:\Users\Savel\source\repos\Praktika\Praktika\Praktika.cpp(168,41): warning C4244: =: преобразование "int" в "float", возможна потеря данных
C:\Users\Savel\source\repos\Praktika\Praktika\Praktika.cpp(175,41): warning C4244: =: преобразование "int" в "float", возможна потеря данных
C:\Users\Savel\source\repos\Praktika\Praktika\Praktika.cpp(182,36): warning C4244: =: преобразование "int" в "float", возможна потеря данных
C:\Users\Savel\source\repos\Praktika\Praktika\Praktika.cpp(213,15): warning C4018: >: несоответствие типов со знаком и без знака
C:\Users\Savel\source\repos\Praktika\Praktika\Praktika.cpp(244,15): warning C4018: >: несоответствие типов со знаком и без знака
C:\Users\Savel\source\repos\Praktika\Praktika\Praktika.cpp(260,35): warning C4018: <: несоответствие типов со знаком и без знака
C:\Users\Savel\source\repos\Praktika\Praktika\Praktika.cpp(273,35): warning C4018: <: несоответствие типов со знаком и без знака
C:\Users\Savel\source\repos\Praktika\Praktika\Praktika.cpp(284,49): warning C4244: =: преобразование "int" в "float", возможна потеря данных
C:\Users\Savel\source\repos\Praktika\Praktika\Praktika.cpp(291,49): warning C4244: =: преобразование "int" в "float", возможна потеря данных
C:\Users\Savel\source\repos\Praktika\Praktika\Praktika.cpp(298,46): warning C4244: =: преобразование "int" в "float", возможна потеря данных
C:\Users\Savel\source\repos\Praktika\Praktika\Praktika.cpp(344,14): warning C4018: >: несоответствие типов со знаком и без знака
C:\Users\Savel\source\repos\Praktika\Praktika\Praktika.cpp(369,27): warning C4018: <: несоответствие типов со знаком и без знака
C:\Users\Savel\source\repos\Praktika\Praktika\Praktika.cpp(378,23): warning C4018: <=: несоответствие типов со знаком и без знака
C:\Users\Savel\source\repos\Praktika\Praktika\Praktika.cpp(423,23): warning C4018: <: несоответствие типов со знаком и без знака
C:\Users\Savel\source\repos\Praktika\Praktika\Praktika.cpp(437,23): warning C4018: <: несоответствие типов со знаком и без знака
C:\Users\Savel\source\repos\Praktika\Praktika\Praktika.cpp(454,23): warning C4018: <: несоответствие типов со знаком и без знака
C:\Users\Savel\source\repos\Praktika\Praktika\Praktika.cpp(471,23): warning C4018: <: несоответствие типов со знаком и без знака
C:\Users\Savel\source\repos\Praktika\Praktika\Praktika.cpp(490,28): warning C4018: <: несоответствие типов со знаком и без знака
C:\Users\Savel\source\repos\Praktika\Praktika\Praktika.cpp(542,23): warning C4018: <: несоответствие типов со знаком и без знака
C:\Users\Savel\source\repos\Praktika\Praktika\Praktika.cpp(544,31): warning C4018: <: несоответствие типов со знаком и без знака
C:\Users\Savel\source\repos\Praktika\Praktika\Praktika.cpp(560,23): warning C4018: <: несоответствие типов со знаком и без знака
C:\Users\Savel\source\repos\Praktika\Praktika\Praktika.cpp(562,31): warning C4018: <: несоответствие типов со знаком и без знака
  Praktika.vcxproj -> C:\Users\Savel\source\repos\Praktika\Debug\Praktika.exe
